<?xml version="1.0" encoding="UTF-8"?>
<testng-results ignored="0" total="1" passed="1" failed="0" skipped="0">
  <reporter-output>
  </reporter-output>
  <suite started-at="2023-07-06T14:44:38 IST" name="Default suite" finished-at="2023-07-06T14:44:51 IST" duration-ms="13155">
    <groups>
    </groups>
    <test started-at="2023-07-06T14:44:38 IST" name="Default test" finished-at="2023-07-06T14:44:51 IST" duration-ms="13155">
      <class name="NaveenprojectTest.RegisterTest">
        <test-method is-config="true" signature="setup()[pri:0, instance:NaveenprojectTest.RegisterTest@74751b3]" started-at="2023-07-06T14:44:38 IST" name="setup" finished-at="2023-07-06T14:44:43 IST" duration-ms="5067" status="PASS">
          <reporter-output>
          </reporter-output>
        </test-method> <!-- setup -->
        <test-method signature="register()[pri:0, instance:NaveenprojectTest.RegisterTest@74751b3]" started-at="2023-07-06T14:44:43 IST" name="register" finished-at="2023-07-06T14:44:51 IST" duration-ms="8052" status="PASS">
          <reporter-output>
          </reporter-output>
        </test-method> <!-- register -->
      </class> <!-- NaveenprojectTest.RegisterTest -->
    </test> <!-- Default test -->
  </suite> <!-- Default suite -->
</testng-results>
